<?xml version="1.0" encoding="UTF-8"?>
<testsuite name="pkg.LibraryTest" tests="1" skipped="0" failures="0" errors="0" timestamp="2017-11-28T14:05:23" hostname="Filipes-MacBook-Pro.local" time="0.106">
  <properties/>
  <testcase name="testSomeLibraryMethod" classname="pkg.LibraryTest" time="0.106"/>
  <system-out><![CDATA[]]></system-out>
  <system-err><![CDATA[]]></system-err>
</testsuite>
